[Wed Oct 30 16:11:18.577 2013] 0.000 sec [ext2/0/ext 0 (0,20)] [resume] Программист
[Wed Oct 30 16:13:39.833 2013] 0.000 sec [ext2/0/ext 0 (0,20)] [resume] Программист asd
[Wed Oct 30 16:15:34.585 2013] 0.000 sec [ext2/0/ext 0 (0,20)] [resume] Программист asd a
[Wed Oct 30 16:17:56.782 2013] 0.000 sec [ext2/0/ext 0 (0,20)] [resume] Программист
[Wed Oct 30 16:18:30.406 2013] 0.001 sec [ext2/0/ext 0 (0,20)] [resume] asd
[Wed Oct 30 16:21:56.454 2013] 0.000 sec [ext2/0/ext 0 (0,20)] [resume] asd
[Wed Oct 30 16:22:47.324 2013] 0.001 sec [ext2/0/ext 0 (0,20)] [resume] asd
[Wed Oct 30 16:43:55.683 2013] 0.000 sec [ext2/0/ext 1 (0,20)] [resume] asd
[Wed Oct 30 16:44:43.858 2013] 0.000 sec [ext2/0/ext 0 (0,20)] [resume] asd Программист
[Wed Oct 30 16:45:02.853 2013] 0.000 sec [ext2/0/ext 0 (0,20)] [resume] Программист
[Wed Oct 30 16:46:21.075 2013] 0.000 sec [ext2/0/ext 1 (0,20)] [resume] asd
[Wed Oct 30 16:50:30.924 2013] 0.000 sec [ext2/0/ext 0 (0,20)] [resume] пр
[Wed Oct 30 16:54:11.649 2013] 0.000 sec [ext2/0/ext 0 (0,20)] [resume] пр
[Wed Oct 30 16:59:44.356 2013] 0.000 sec [ext2/0/ext 0 (0,20)] [resume] пр
[Wed Oct 30 17:00:06.124 2013] 0.000 sec [ext2/0/ext 1 (0,20)] [resume] Программист
[Wed Oct 30 17:06:58.053 2013] 0.001 sec [ext2/0/ext 1 (0,20)] [resume] Программист П
[Tue Nov  5 15:56:49.890 2013] 0.043 sec [ext2/0/ext 0 (0,20)] [resume] П
[Tue Nov  5 15:58:03.177 2013] 0.000 sec [ext2/0/ext 0 (0,20)] [resume] р
[Tue Nov  5 15:58:17.916 2013] 0.000 sec [ext2/0/ext 0 (0,20)] [resume] a
[Tue Nov  5 15:58:34.268 2013] 0.000 sec [ext2/0/ext 0 (0,20)] [resume] a
[Tue Nov  5 16:00:54.984 2013] 0.000 sec [ext2/0/ext 0 (0,20)] [resume] П
[Tue Nov  5 16:03:13.273 2013] 0.000 sec [ext2/0/ext 0 (0,20)] [resume] П
[Tue Nov  5 16:03:56.960 2013] 0.000 sec [ext2/0/ext 0 (0,20)] [resume] П
[Tue Nov  5 16:06:38.278 2013] 0.000 sec [ext2/0/ext 0 (0,20)] [resume] П
[Tue Nov  5 16:06:55.271 2013] 0.000 sec [ext2/0/ext 1 (0,20)] [resume] asd
[Tue Nov  5 16:07:27.548 2013] 0.000 sec [ext2/0/ext 1 (0,20)] [resume] Программист
[Tue Nov  5 16:07:42.887 2013] 0.000 sec [ext2/0/ext 0 (0,20)] [resume] Пр
[Tue Nov  5 16:17:38.808 2013] 0.001 sec [ext2/0/ext 0 (0,20)] [resume] Пр
[Tue Nov  5 16:17:49.316 2013] 0.000 sec [ext2/0/ext 0 (0,20)] [resume] Пр Про
[Tue Nov  5 16:18:04.514 2013] 0.000 sec [ext2/0/ext 0 (0,20)] [resume] as
[Tue Nov  5 16:18:13.300 2013] 0.000 sec [ext2/0/ext 0 (0,20)] [resume] as asd
[Tue Nov  5 16:18:21.544 2013] 0.000 sec [ext2/0/ext 1 (0,20)] [resume] asd
[Tue Nov  5 16:18:32.622 2013] 0.000 sec [ext2/0/ext 0 (0,20)] [resume] Про
[Tue Nov  5 16:18:44.302 2013] 0.000 sec [ext2/0/ext 0 (0,20)] [resume] Прог
[Tue Nov  5 16:19:00.571 2013] 0.000 sec [ext2/0/ext 1 (0,20)] [resume] Программист
[Tue Nov  5 16:20:53.721 2013] 0.000 sec [ext2/0/ext 0 (0,20)] [resume] Пр
[Tue Nov  5 16:28:48.440 2013] 0.001 sec [ext2/0/ext 1 (0,20)] [resume] Про
[Tue Nov  5 16:29:09.890 2013] 0.001 sec [ext2/0/ext 1 (0,20)] [resume] про
