[Wed Oct 30 14:51:00.866 2013] [12764] accepting connections
[Wed Oct 30 15:27:59.078 2013] [12764] rotating indices (seamless=1)
[Wed Oct 30 15:27:59.078 2013] [12764] WARNING: index 'common': key 'path' not found - NOT SERVING
[Wed Oct 30 15:27:59.078 2013] [12764] WARNING: INTERNAL ERROR: nothing to rotate after SIGHUP
[Wed Oct 30 15:51:19.617 2013] [12764] caught SIGTERM, shutting down
[Wed Oct 30 15:51:19.617 2013] [12764] shutdown complete
[Wed Oct 30 15:51:24.050 2013] [14527] accepting connections
[Wed Oct 30 16:43:03.169 2013] [14527] caught SIGTERM, shutting down
[Wed Oct 30 16:43:03.169 2013] [14527] shutdown complete
[Wed Oct 30 16:43:23.606 2013] [15540] accepting connections
[Wed Oct 30 16:53:34.247 2013] [15540] caught SIGTERM, shutting down
[Wed Oct 30 16:53:34.303 2013] [15540] shutdown complete
[Wed Oct 30 16:53:47.721 2013] [15790] accepting connections
[Wed Oct 30 16:55:29.013 2013] [15790] caught SIGTERM, shutting down
[Wed Oct 30 16:55:29.071 2013] [15790] shutdown complete
[Wed Oct 30 16:59:24.962 2013] [15955] accepting connections
[Wed Oct 30 17:52:49.480 2013] [15955] caught SIGTERM, shutting down
[Wed Oct 30 17:52:49.480 2013] [15955] shutdown complete
[Tue Nov  5 15:56:29.062 2013] [30275] accepting connections
[Tue Nov  5 16:02:54.376 2013] [30275] caught SIGTERM, shutting down
[Tue Nov  5 16:02:54.377 2013] [30275] shutdown complete
[Tue Nov  5 16:02:57.708 2013] [30427] accepting connections
[Tue Nov  5 16:27:40.453 2013] [30427] caught SIGTERM, shutting down
[Tue Nov  5 16:27:40.510 2013] [30427] shutdown complete
[Tue Nov  5 16:28:17.670 2013] [31016] accepting connections
[Tue Nov  5 16:56:17.630 2013] [31016] caught SIGTERM, shutting down
[Tue Nov  5 16:56:17.631 2013] [31016] shutdown complete
[Wed Nov  6 08:21:59.984 2013] [ 5373] accepting connections
[Wed Nov  6 08:22:22.115 2013] [ 5373] caught SIGTERM, shutting down
[Wed Nov  6 08:22:22.127 2013] [ 5373] shutdown complete
[Wed Nov  6 08:22:39.991 2013] [ 5398] accepting connections
[Wed Nov  6 08:52:10.822 2013] [ 5398] caught SIGTERM, shutting down
[Wed Nov  6 08:52:10.823 2013] [ 5398] shutdown complete
[Wed Nov  6 08:52:16.749 2013] [ 8392] accepting connections
[Wed Nov  6 16:56:46.346 2013] [ 8392] caught SIGTERM, shutting down
[Wed Nov  6 16:56:46.732 2013] [ 8392] shutdown complete
[Fri Nov 29 14:12:26.963 2013] [ 5697] accepting connections
[Fri Nov 29 14:12:51.947 2013] [ 5697] rotating indices (seamless=1)
[Fri Nov 29 14:12:51.949 2013] [ 5697] WARNING: rotating index 'jobs': cur to old rename failed: rename /home/mike/Work/Projects/job009/indexes/index_jobs.spa to /home/mike/Work/Projects/job009/indexes/index_jobs.old.spa failed: No such file or directory
[Fri Nov 29 14:12:51.951 2013] [ 5697] rotating index 'resume': success
[Fri Nov 29 14:12:51.951 2013] [ 5697] rotating finished
[Fri Nov 29 14:21:13.684 2013] [ 5697] rotating indices (seamless=1)
[Fri Nov 29 14:21:13.687 2013] [ 5697] WARNING: rotating index 'jobs': cur to old rename failed: rename /home/mike/Work/Projects/job009/indexes/index_jobs.spa to /home/mike/Work/Projects/job009/indexes/index_jobs.old.spa failed: No such file or directory
[Fri Nov 29 14:21:13.689 2013] [ 5697] rotating index 'resume': success
[Fri Nov 29 14:21:13.689 2013] [ 5697] rotating finished
[Fri Nov 29 14:21:36.333 2013] [ 5697] caught SIGTERM, shutting down
[Fri Nov 29 14:21:36.333 2013] [ 5697] shutdown complete
[Fri Nov 29 14:22:35.196 2013] [ 6224] accepting connections
[Fri Nov 29 14:22:40.556 2013] [ 6224] rotating indices (seamless=1)
[Fri Nov 29 14:22:40.560 2013] [ 6224] rotating index 'jobs': success
[Fri Nov 29 14:22:40.562 2013] [ 6224] rotating index 'resume': success
[Fri Nov 29 14:22:40.562 2013] [ 6224] rotating finished
[Fri Nov 29 14:35:25.149 2013] [ 6224] caught SIGTERM, shutting down
[Fri Nov 29 14:35:25.149 2013] [ 6224] shutdown complete
[Fri Nov 29 14:35:28.739 2013] [ 6487] accepting connections
[Fri Nov 29 14:35:43.602 2013] [ 6487] rotating indices (seamless=1)
[Fri Nov 29 14:35:43.605 2013] [ 6487] rotating index 'resume': success
[Fri Nov 29 14:35:43.605 2013] [ 6487] rotating finished
[Fri Nov 29 14:37:44.171 2013] [ 6487] caught SIGTERM, shutting down
[Fri Nov 29 14:37:44.171 2013] [ 6487] shutdown complete
[Fri Nov 29 14:38:12.251 2013] [ 6552] accepting connections
[Fri Nov 29 14:38:16.592 2013] [ 6552] rotating indices (seamless=1)
[Fri Nov 29 14:38:16.594 2013] [ 6552] rotating index 'resume': success
[Fri Nov 29 14:38:16.595 2013] [ 6552] rotating finished
[Fri Nov 29 14:38:43.683 2013] [ 6552] caught SIGTERM, shutting down
[Fri Nov 29 14:38:43.684 2013] [ 6552] shutdown complete
[Fri Nov 29 14:38:46.985 2013] [ 6580] accepting connections
[Fri Nov 29 14:38:52.209 2013] [ 6580] rotating indices (seamless=1)
[Fri Nov 29 14:38:52.211 2013] [ 6580] WARNING: rotating index 'jobs': cur to old rename failed: rename /home/mike/Work/Projects/job009/indexes/index_job.spa to /home/mike/Work/Projects/job009/indexes/index_job.old.spa failed: No such file or directory
[Fri Nov 29 14:38:52.213 2013] [ 6580] rotating index 'resume': success
[Fri Nov 29 14:38:52.213 2013] [ 6580] rotating finished
[Fri Nov 29 14:39:18.576 2013] [ 6580] caught SIGTERM, shutting down
[Fri Nov 29 14:39:18.577 2013] [ 6580] shutdown complete
[Fri Nov 29 14:39:20.717 2013] [ 6649] accepting connections
[Fri Nov 29 14:39:29.617 2013] [ 6649] rotating indices (seamless=1)
[Fri Nov 29 14:39:29.621 2013] [ 6649] rotating index 'jobs': success
[Fri Nov 29 14:39:29.625 2013] [ 6649] rotating index 'resume': success
[Fri Nov 29 14:39:29.625 2013] [ 6649] rotating finished
